

HI-TECH Software PIC LITE Macro Assembler V9.81 build 7503 
                                                                                               Thu Apr 18 12:34:23 2019

HI-TECH Software Omniscient Code Generator (Lite mode) build 7503
     1  0000                     opt subtitle "HI-TECH Software Omniscient Code Generator (Lite mode) build 7503"
     2                           
     3                           opt pagewidth 120
     4                           
     5                           	opt lm
     6                           
     7                           	processor	16F877A
     8                           clrc	macro
     9                           	bcf	3,0
    10  0000                     	endm
    11                           clrz	macro
    12                           	bcf	3,2
    13  0000                     	endm
    14                           setc	macro
    15                           	bsf	3,0
    16  0000                     	endm
    17                           setz	macro
    18                           	bsf	3,2
    19  0000                     	endm
    20                           skipc	macro
    21                           	btfss	3,0
    22  0000                     	endm
    23                           skipz	macro
    24                           	btfss	3,2
    25  0000                     	endm
    26                           skipnc	macro
    27                           	btfsc	3,0
    28  0000                     	endm
    29                           skipnz	macro
    30                           	btfsc	3,2
    31  0000                     	endm
    32  0000                     indf	equ	0
    33  0000                     indf0	equ	0
    34  0002                     pc	equ	2
    35  0002                     pcl	equ	2
    36  0003                     status	equ	3
    37  0004                     fsr	equ	4
    38  0004                     fsr0	equ	4
    39  0001                     c	equ	1
    40  0000                     z	equ	0
    41  000A                     pclath	equ	10
    42                           	FNROOT	_main
    43                           	global	_RB0
    44                           psect	maintext,global,class=CODE,delta=2
    45                           global __pmaintext
    46  07E0                     __pmaintext:
    47  0030                     _RB0	set	48
    48                           	global	_TRISB0
    49  0430                     _TRISB0	set	1072
    50                           	file	"MTORDC.as"
    51                           	line	#
    52                           psect cinit,class=CODE,delta=2
    53                           global start_initialization
    54  07DC                     start_initialization:
    55                           
    56                           psect cinit,class=CODE,delta=2
    57                           global end_of_initialization
    58                           
    59                           ;End of C runtime variable initialization code
    60                           
    61  07DC                     end_of_initialization:
    62  07DC  0183               clrf status
    63  07DD  120A  118A  2FE0   ljmp _main	;jump to C main() function
    64                           psect	cstackCOMMON,class=COMMON,space=1
    65                           global __pcstackCOMMON
    66  0070                     __pcstackCOMMON:
    67                           	global	?_main
    68  0070                     ?_main:	; 0 bytes @ 0x0
    69                           	global	??_main
    70  0070                     ??_main:	; 0 bytes @ 0x0
    71  0070                     	ds	2
    72 ;;Data sizes: Strings 0, constant 0, data 0, bss 0, persistent 0 stack 0
    73 ;;Auto spaces:   Size  Autos    Used
    74 ;; COMMON          14      2       2
    75 ;; BANK0           80      0       0
    76 ;; BANK1           80      0       0
    77 ;; BANK3           96      0       0
    78 ;; BANK2           96      0       0
    79                           
    80 ;;
    81 ;; Pointer list with targets:
    82                           
    83                           
    84                           
    85 ;;
    86 ;; Critical Paths under _main in COMMON
    87 ;;
    88 ;;   None.
    89 ;;
    90 ;; Critical Paths under _main in BANK0
    91 ;;
    92 ;;   None.
    93 ;;
    94 ;; Critical Paths under _main in BANK1
    95 ;;
    96 ;;   None.
    97 ;;
    98 ;; Critical Paths under _main in BANK3
    99 ;;
   100 ;;   None.
   101 ;;
   102 ;; Critical Paths under _main in BANK2
   103 ;;
   104 ;;   None.
   105                           
   106 ;;
   107 ;;Main: autosize = 0, tempsize = 2, incstack = 0, save=0
   108 ;;
   109                           
   110 ;;
   111 ;;Call Graph Tables:
   112 ;;
   113 ;; ---------------------------------------------------------------------------------
   114 ;; (Depth) Function   	        Calls       Base Space   Used Autos Params    Refs
   115 ;; ---------------------------------------------------------------------------------
   116 ;; (0) _main                                                 2     2      0       0
   117 ;;                                              0 COMMON     2     2      0
   118 ;; ---------------------------------------------------------------------------------
   119 ;; Estimated maximum stack depth 0
   120 ;; ---------------------------------------------------------------------------------
   121                           
   122 ;; Call Graph Graphs:
   123                           
   124 ;; _main (ROOT)
   125 ;;
   126                           
   127 ;; Address spaces:
   128                           
   129 ;;Name               Size   Autos  Total    Cost      Usage
   130 ;;BITCOMMON            E      0       0       0        0.0%
   131 ;;EEDATA             100      0       0       0        0.0%
   132 ;;NULL                 0      0       0       0        0.0%
   133 ;;CODE                 0      0       0       0        0.0%
   134 ;;COMMON               E      2       2       1       14.3%
   135 ;;BITSFR0              0      0       0       1        0.0%
   136 ;;SFR0                 0      0       0       1        0.0%
   137 ;;BITSFR1              0      0       0       2        0.0%
   138 ;;SFR1                 0      0       0       2        0.0%
   139 ;;STACK                0      0       0       2        0.0%
   140 ;;ABS                  0      0       0       3        0.0%
   141 ;;BITBANK0            50      0       0       4        0.0%
   142 ;;BITSFR3              0      0       0       4        0.0%
   143 ;;SFR3                 0      0       0       4        0.0%
   144 ;;BANK0               50      0       0       5        0.0%
   145 ;;BITSFR2              0      0       0       5        0.0%
   146 ;;SFR2                 0      0       0       5        0.0%
   147 ;;BITBANK1            50      0       0       6        0.0%
   148 ;;BANK1               50      0       0       7        0.0%
   149 ;;BITBANK3            60      0       0       8        0.0%
   150 ;;BANK3               60      0       0       9        0.0%
   151 ;;BITBANK2            60      0       0      10        0.0%
   152 ;;BANK2               60      0       0      11        0.0%
   153 ;;DATA                 0      0       0      12        0.0%
   154                           
   155                           	global	_main
   156                           psect	maintext
   157                           
   158 ;; *************** function _main *****************
   159 ;; Defined at:
   160 ;;		line 5 in file "C:\Users\Javed\Documents\MPLAB PIC16F877A PROGRAMS\Untitled.c"
   161 ;; Parameters:    Size  Location     Type
   162 ;;		None
   163 ;; Auto vars:     Size  Location     Type
   164 ;;		None
   165 ;; Return value:  Size  Location     Type
   166 ;;		None               void
   167 ;; Registers used:
   168 ;;		wreg
   169 ;; Tracked objects:
   170 ;;		On entry : 17F/0
   171 ;;		On exit  : 0/0
   172 ;;		Unchanged: 0/0
   173 ;; Data sizes:     COMMON   BANK0   BANK1   BANK3   BANK2
   174 ;;      Params:         0       0       0       0       0
   175 ;;      Locals:         0       0       0       0       0
   176 ;;      Temps:          2       0       0       0       0
   177 ;;      Totals:         2       0       0       0       0
   178 ;;Total ram usage:        2 bytes
   179 ;; This function calls:
   180 ;;		Nothing
   181 ;; This function is called by:
   182 ;;		Startup code after reset
   183 ;; This function uses a non-reentrant model
   184 ;;
   185                           psect	maintext
   186                           	file	"C:\Users\Javed\Documents\MPLAB PIC16F877A PROGRAMS\Untitled.c"
   187                           	line	5
   188                           	global	__size_of_main
   189  0020                     	__size_of_main	equ	__end_of_main-_main
   190                           	
   191  07E0                     _main:	
   192                           	opt	stack 8
   193                           ; Regs used in _main: [wreg]
   194                           	line	6
   195                           	
   196  07E0                     l1825:	
   197                           ;Untitled.c: 6: TRISB0=0x00;
   198  07E0  1683               	bsf	status, 5	;RP0=1, select bank1
   199  07E1  1303               	bcf	status, 6	;RP1=0, select bank1
   200  07E2  1006               	bcf	(1072/8)^080h,(1072)&7
   201                           	line	8
   202                           ;Untitled.c: 8: while(1)
   203                           	
   204  07E3                     l687:	
   205                           	line	10
   206                           ;Untitled.c: 9: {
   207                           ;Untitled.c: 10: RB0=1;
   208  07E3  1283               	bcf	status, 5	;RP0=0, select bank0
   209  07E4  1303               	bcf	status, 6	;RP1=0, select bank0
   210  07E5  1406               	bsf	(48/8),(48)&7
   211                           	line	11
   212                           	
   213  07E6                     l1827:	
   214                           ;Untitled.c: 11: _delay((unsigned long)((50)*(2000000/4000.0)));
   215                           	opt asmopt_off
   216  07E6  3021               movlw	33
   217  07E7  00F1               movwf	((??_main+0)+0+1),f
   218  07E8  3076               	movlw	118
   219  07E9  00F0               movwf	((??_main+0)+0),f
   220  07EA                     u2147:
   221  07EA  0BF0               	decfsz	((??_main+0)+0),f
   222  07EB  2FEA               	goto	u2147
   223  07EC  0BF1               	decfsz	((??_main+0)+0+1),f
   224  07ED  2FEA               	goto	u2147
   225  07EE  0064               	clrwdt
   226                           opt asmopt_on
   227                           
   228                           	line	12
   229                           	
   230  07EF                     l1829:	
   231                           ;Untitled.c: 12: RB0=0;
   232  07EF  1283               	bcf	status, 5	;RP0=0, select bank0
   233  07F0  1303               	bcf	status, 6	;RP1=0, select bank0
   234  07F1  1006               	bcf	(48/8),(48)&7
   235                           	line	13
   236                           ;Untitled.c: 13: _delay((unsigned long)((50)*(2000000/4000.0)));
   237                           	opt asmopt_off
   238  07F2  3021               movlw	33
   239  07F3  00F1               movwf	((??_main+0)+0+1),f
   240  07F4  3076               	movlw	118
   241  07F5  00F0               movwf	((??_main+0)+0),f
   242  07F6                     u2157:
   243  07F6  0BF0               	decfsz	((??_main+0)+0),f
   244  07F7  2FF6               	goto	u2157
   245  07F8  0BF1               	decfsz	((??_main+0)+0+1),f
   246  07F9  2FF6               	goto	u2157
   247  07FA  0064               	clrwdt
   248                           opt asmopt_on
   249                           
   250  07FB  2FE3               	goto	l687
   251                           	line	14
   252                           	
   253  07FC                     l688:	
   254                           	line	8
   255  07FC  2FE3               	goto	l687
   256                           	
   257  07FD                     l689:	
   258                           	line	15
   259                           	
   260  07FD                     l690:	
   261                           	global	start
   262  07FD  120A  118A  2800   	ljmp	start
   263                           	opt stack 0
   264                           GLOBAL	__end_of_main
   265  0800                     	__end_of_main:
   266 ;; =============== function _main ends ============
   267                           
   268                           	signat	_main,88
   269                           psect	maintext
   270                           	global	btemp
   271  007E                     	btemp set 07Eh
   272                           
   273                           	DABS	1,126,2	;btemp
   274                           	global	wtemp0
   275  007E                     	wtemp0 set btemp


HI-TECH Software PICC Macro Assembler V9.81 build 7503 
Symbol Table                                                                                   Thu Apr 18 12:34:23 2019

                 l690 07FD                   l687 07E3                   l688 07FC                   l689 07FD  
                 _RB0 0030                  l1825 07E0                  l1827 07E6                  l1829 07EF  
                u2147 07EA                  u2157 07F6                  _main 07E0                  btemp 007E  
                start 0000                 ?_main 0070                 status 0003                 wtemp0 007E  
        __end_of_main 0800                ??_main 0070                _TRISB0 0430        __pcstackCOMMON 0070  
          __pmaintext 07E0  end_of_initialization 07DC   start_initialization 07DC         __size_of_main 0020  
