

HI-TECH Software PIC LITE Macro Assembler V9.81 build 7503 
                                                                                               Wed Apr 17 11:40:45 2019

HI-TECH Software Omniscient Code Generator (Lite mode) build 7503
     1  0000                     opt subtitle "HI-TECH Software Omniscient Code Generator (Lite mode) build 7503"
     2                           
     3                           opt pagewidth 120
     4                           
     5                           	opt lm
     6                           
     7                           	processor	16F877A
     8                           clrc	macro
     9                           	bcf	3,0
    10  0000                     	endm
    11                           clrz	macro
    12                           	bcf	3,2
    13  0000                     	endm
    14                           setc	macro
    15                           	bsf	3,0
    16  0000                     	endm
    17                           setz	macro
    18                           	bsf	3,2
    19  0000                     	endm
    20                           skipc	macro
    21                           	btfss	3,0
    22  0000                     	endm
    23                           skipz	macro
    24                           	btfss	3,2
    25  0000                     	endm
    26                           skipnc	macro
    27                           	btfsc	3,0
    28  0000                     	endm
    29                           skipnz	macro
    30                           	btfsc	3,2
    31  0000                     	endm
    32  0000                     indf	equ	0
    33  0000                     indf0	equ	0
    34  0002                     pc	equ	2
    35  0002                     pcl	equ	2
    36  0003                     status	equ	3
    37  0004                     fsr	equ	4
    38  0004                     fsr0	equ	4
    39  0001                     c	equ	1
    40  0000                     z	equ	0
    41  000A                     pclath	equ	10
    42                           	FNROOT	_main
    43                           	global	main@F1085
    44                           psect	idataBANK0,class=CODE,space=0,delta=2
    45                           global __pidataBANK0
    46  0774                     __pidataBANK0:
    47                           	file	"C:\Users\Javed\Documents\MPLAB PIC16F877A PROGRAMS\SEVENSEGMENTPIC.c"
    48                           	line	8
    49                           
    50                           ;initializer for main@F1085
    51  0774  343F               	retlw	03Fh
    52  0775  3406               	retlw	06h
    53  0776  345B               	retlw	05Bh
    54  0777  344F               	retlw	04Fh
    55  0778  3466               	retlw	066h
    56  0779  346D               	retlw	06Dh
    57  077A  347D               	retlw	07Dh
    58  077B  3407               	retlw	07h
    59  077C  347F               	retlw	07Fh
    60  077D  346F               	retlw	06Fh
    61                           	global	_PORTB
    62  0006                     _PORTB	set	6
    63                           	global	_TRISB
    64  0086                     _TRISB	set	134
    65                           	file	"SEVEN SEGMENT.as"
    66                           	line	#
    67                           psect cinit,class=CODE,delta=2
    68                           global start_initialization
    69  078F                     start_initialization:
    70                           
    71                           psect	dataBANK0,class=BANK0,space=1
    72                           global __pdataBANK0
    73  002C                     __pdataBANK0:
    74                           	file	"C:\Users\Javed\Documents\MPLAB PIC16F877A PROGRAMS\SEVENSEGMENTPIC.c"
    75  002C                     main@F1085:
    76  002C                            ds      10
    77                           
    78                           global btemp
    79                           psect inittext,class=CODE,delta=2
    80                           global init_fetch,btemp
    81                           ;	Called with low address in FSR and high address in W
    82  077E                     init_fetch:
    83  077E  087E               	movf btemp,w
    84  077F  008A               	movwf pclath
    85  0780  087F               	movf btemp+1,w
    86  0781  0082               	movwf pc
    87                           global init_ram
    88                           ;Called with:
    89                           ;	high address of idata address in btemp 
    90                           ;	low address of idata address in btemp+1 
    91                           ;	low address of data in FSR
    92                           ;	high address + 1 of data in btemp-1
    93  0782                     init_ram:
    94  0782  277E  120A  118A   	fcall init_fetch
    95  0785  0080               	movwf indf,f
    96  0786  0A84               	incf fsr,f
    97  0787  0804               	movf fsr,w
    98  0788  067D               	xorwf btemp-1,w
    99  0789  1903               	btfsc status,2
   100  078A  3400               	retlw 0
   101  078B  0AFF               	incf btemp+1,f
   102  078C  1903               	btfsc status,2
   103  078D  0AFE               	incf btemp,f
   104  078E  2F82               	goto init_ram
   105                           ; Initialize objects allocated to BANK0
   106                           psect cinit,class=CODE,delta=2
   107                           global init_ram, __pidataBANK0
   108  078F  1383               	bcf	status, 7	;select IRP bank0
   109  0790  3036               	movlw low(__pdataBANK0+10)
   110  0791  00FD               	movwf btemp-1,f
   111  0792  3007               	movlw high(__pidataBANK0)
   112  0793  00FE               	movwf btemp,f
   113  0794  3074               	movlw low(__pidataBANK0)
   114  0795  00FF               	movwf btemp+1,f
   115  0796  302C               	movlw low(__pdataBANK0)
   116  0797  0084               	movwf fsr,f
   117  0798  120A  118A  2782   	fcall init_ram
              120A  118A         
   118                           psect cinit,class=CODE,delta=2
   119                           global end_of_initialization
   120                           
   121                           ;End of C runtime variable initialization code
   122                           
   123  079D                     end_of_initialization:
   124  079D  0183               clrf status
   125  079E  120A  118A  2FA1   ljmp _main	;jump to C main() function
   126                           psect	cstackCOMMON,class=COMMON,space=1
   127                           global __pcstackCOMMON
   128  0070                     __pcstackCOMMON:
   129                           	global	?_main
   130  0070                     ?_main:	; 0 bytes @ 0x0
   131                           	global	??_main
   132  0070                     ??_main:	; 0 bytes @ 0x0
   133  0070                     	ds	4
   134                           psect	cstackBANK0,class=BANK0,space=1
   135                           global __pcstackBANK0
   136  0020                     __pcstackBANK0:
   137                           	global	main@ssd
   138  0020                     main@ssd:	; 10 bytes @ 0x0
   139  0020                     	ds	10
   140                           	global	main@i
   141  002A                     main@i:	; 2 bytes @ 0xA
   142  002A                     	ds	2
   143 ;;Data sizes: Strings 0, constant 0, data 10, bss 0, persistent 0 stack 0
   144 ;;Auto spaces:   Size  Autos    Used
   145 ;; COMMON          14      4       4
   146 ;; BANK0           80     12      22
   147 ;; BANK1           80      0       0
   148 ;; BANK3           96      0       0
   149 ;; BANK2           96      0       0
   150                           
   151 ;;
   152 ;; Pointer list with targets:
   153                           
   154                           
   155                           
   156 ;;
   157 ;; Critical Paths under _main in COMMON
   158 ;;
   159 ;;   None.
   160 ;;
   161 ;; Critical Paths under _main in BANK0
   162 ;;
   163 ;;   None.
   164 ;;
   165 ;; Critical Paths under _main in BANK1
   166 ;;
   167 ;;   None.
   168 ;;
   169 ;; Critical Paths under _main in BANK3
   170 ;;
   171 ;;   None.
   172 ;;
   173 ;; Critical Paths under _main in BANK2
   174 ;;
   175 ;;   None.
   176                           
   177 ;;
   178 ;;Main: autosize = 0, tempsize = 4, incstack = 0, save=0
   179 ;;
   180                           
   181 ;;
   182 ;;Call Graph Tables:
   183 ;;
   184 ;; ---------------------------------------------------------------------------------
   185 ;; (Depth) Function   	        Calls       Base Space   Used Autos Params    Refs
   186 ;; ---------------------------------------------------------------------------------
   187 ;; (0) _main                                                16    16      0      93
   188 ;;                                              0 COMMON     4     4      0
   189 ;;                                              0 BANK0     12    12      0
   190 ;; ---------------------------------------------------------------------------------
   191 ;; Estimated maximum stack depth 0
   192 ;; ---------------------------------------------------------------------------------
   193                           
   194 ;; Call Graph Graphs:
   195                           
   196 ;; _main (ROOT)
   197 ;;
   198                           
   199 ;; Address spaces:
   200                           
   201 ;;Name               Size   Autos  Total    Cost      Usage
   202 ;;BANK3               60      0       0       9        0.0%
   203 ;;BITBANK3            60      0       0       8        0.0%
   204 ;;SFR3                 0      0       0       4        0.0%
   205 ;;BITSFR3              0      0       0       4        0.0%
   206 ;;BANK2               60      0       0      11        0.0%
   207 ;;BITBANK2            60      0       0      10        0.0%
   208 ;;SFR2                 0      0       0       5        0.0%
   209 ;;BITSFR2              0      0       0       5        0.0%
   210 ;;SFR1                 0      0       0       2        0.0%
   211 ;;BITSFR1              0      0       0       2        0.0%
   212 ;;BANK1               50      0       0       7        0.0%
   213 ;;BITBANK1            50      0       0       6        0.0%
   214 ;;CODE                 0      0       0       0        0.0%
   215 ;;DATA                 0      0      1A      12        0.0%
   216 ;;ABS                  0      0      1A       3        0.0%
   217 ;;NULL                 0      0       0       0        0.0%
   218 ;;STACK                0      0       0       2        0.0%
   219 ;;BANK0               50      C      16       5       27.5%
   220 ;;BITBANK0            50      0       0       4        0.0%
   221 ;;SFR0                 0      0       0       1        0.0%
   222 ;;BITSFR0              0      0       0       1        0.0%
   223 ;;COMMON               E      4       4       1       28.6%
   224 ;;BITCOMMON            E      0       0       0        0.0%
   225 ;;EEDATA             100      0       0       0        0.0%
   226                           
   227                           	global	_main
   228                           psect	maintext,global,class=CODE,delta=2
   229                           global __pmaintext
   230  07A1                     __pmaintext:
   231                           
   232 ;; *************** function _main *****************
   233 ;; Defined at:
   234 ;;		line 5 in file "C:\Users\Javed\Documents\MPLAB PIC16F877A PROGRAMS\SEVENSEGMENTPIC.c"
   235 ;; Parameters:    Size  Location     Type
   236 ;;		None
   237 ;; Auto vars:     Size  Location     Type
   238 ;;  ssd            10    0[BANK0 ] unsigned char [10]
   239 ;;  i               2   10[BANK0 ] int 
   240 ;; Return value:  Size  Location     Type
   241 ;;		None               void
   242 ;; Registers used:
   243 ;;		wreg, fsr0l, fsr0h, status,2, status,0, btemp+1
   244 ;; Tracked objects:
   245 ;;		On entry : 17F/0
   246 ;;		On exit  : 0/0
   247 ;;		Unchanged: 0/0
   248 ;; Data sizes:     COMMON   BANK0   BANK1   BANK3   BANK2
   249 ;;      Params:         0       0       0       0       0
   250 ;;      Locals:         0      12       0       0       0
   251 ;;      Temps:          4       0       0       0       0
   252 ;;      Totals:         4      12       0       0       0
   253 ;;Total ram usage:       16 bytes
   254 ;; This function calls:
   255 ;;		Nothing
   256 ;; This function is called by:
   257 ;;		Startup code after reset
   258 ;; This function uses a non-reentrant model
   259 ;;
   260                           psect	maintext
   261                           	file	"C:\Users\Javed\Documents\MPLAB PIC16F877A PROGRAMS\SEVENSEGMENTPIC.c"
   262                           	line	5
   263                           	global	__size_of_main
   264  005F                     	__size_of_main	equ	__end_of_main-_main
   265                           	
   266  07A1                     _main:	
   267                           	opt	stack 8
   268                           ; Regs used in _main: [wreg-fsr0h+status,2+status,0+btemp+1]
   269                           	line	6
   270                           	
   271  07A1                     l1847:	
   272                           ;SEVENSEGMENTPIC.c: 6: int i=0;
   273  07A1  1283               	bcf	status, 5	;RP0=0, select bank0
   274  07A2  1303               	bcf	status, 6	;RP1=0, select bank0
   275  07A3  01AA               	clrf	(main@i)
   276  07A4  01AB               	clrf	(main@i+1)
   277                           	line	7
   278                           ;SEVENSEGMENTPIC.c: 7: TRISB=0x00;
   279  07A5  1683               	bsf	status, 5	;RP0=1, select bank1
   280  07A6  1303               	bcf	status, 6	;RP1=0, select bank1
   281  07A7  0186               	clrf	(134)^080h	;volatile
   282                           	line	8
   283                           	
   284  07A8                     l1849:	
   285                           ;SEVENSEGMENTPIC.c: 8: char ssd[10]={0x3f,0x06,0x5b,0x4f,0x66,0x6d,0x7d,0x07,0x7f,0x6f};
   286  07A8  3020               	movlw	(main@ssd)&0ffh
   287  07A9  0084               	movwf	fsr0
   288  07AA  302C               	movlw	low(main@F1085)
   289  07AB  00F0               	movwf	(??_main+0)+0
   290  07AC  0804               	movf	fsr0,w
   291  07AD  00F1               	movwf	((??_main+0)+0+1)
   292  07AE  300A               	movlw	10
   293  07AF  00F2               	movwf	((??_main+0)+0+2)
   294  07B0                     u2170:
   295  07B0  0870               	movf	(??_main+0)+0,w
   296  07B1  0084               	movwf	fsr0
   297  07B2  1383               	bcf	status, 7	;select IRP bank0
   298                           	
   299  07B3  0800               	movf	indf,w
   300  07B4  00F3               	movwf	((??_main+0)+0+3)
   301  07B5  0AF0               	incf	(??_main+0)+0,f
   302  07B6  0871               	movf	((??_main+0)+0+1),w
   303  07B7  0084               	movwf	fsr0
   304                           	
   305  07B8  0873               	movf	((??_main+0)+0+3),w
   306  07B9  0080               	movwf	indf
   307  07BA  0AF1               	incf	((??_main+0)+0+1),f
   308  07BB  0BF2               	decfsz	((??_main+0)+0+2),f
   309  07BC  2FB0               	goto	u2170
   310  07BD  2FBE               	goto	l1851
   311                           	line	9
   312                           ;SEVENSEGMENTPIC.c: 9: while(1)
   313                           	
   314  07BE                     l689:	
   315                           	line	11
   316                           	
   317  07BE                     l1851:	
   318                           ;SEVENSEGMENTPIC.c: 10: {
   319                           ;SEVENSEGMENTPIC.c: 11: for(i=0;i<10;i++)
   320  07BE  1283               	bcf	status, 5	;RP0=0, select bank0
   321  07BF  1303               	bcf	status, 6	;RP1=0, select bank0
   322  07C0  01AA               	clrf	(main@i)
   323  07C1  01AB               	clrf	(main@i+1)
   324                           	
   325  07C2                     l1853:	
   326  07C2  082B               	movf	(main@i+1),w
   327  07C3  3A80               	xorlw	80h
   328  07C4  00FF               	movwf	btemp+1
   329  07C5  3080               	movlw	(high(0Ah))^80h
   330  07C6  027F               	subwf	btemp+1,w
   331  07C7  1D03               	skipz
   332  07C8  2FCB               	goto	u2185
   333  07C9  300A               	movlw	low(0Ah)
   334  07CA  022A               	subwf	(main@i),w
   335  07CB                     u2185:
   336                           
   337  07CB  1C03               	skipc
   338  07CC  2FCE               	goto	u2181
   339  07CD  2FCF               	goto	u2180
   340  07CE                     u2181:
   341  07CE  2FD1               	goto	l1857
   342  07CF                     u2180:
   343  07CF  2FBE               	goto	l1851
   344                           	
   345  07D0                     l1855:	
   346  07D0  2FBE               	goto	l1851
   347                           	line	12
   348                           	
   349  07D1                     l690:	
   350                           	line	13
   351                           	
   352  07D1                     l1857:	
   353                           ;SEVENSEGMENTPIC.c: 12: {
   354                           ;SEVENSEGMENTPIC.c: 13: PORTB=ssd[i];
   355  07D1  1283               	bcf	status, 5	;RP0=0, select bank0
   356  07D2  1303               	bcf	status, 6	;RP1=0, select bank0
   357  07D3  082A               	movf	(main@i),w
   358  07D4  3E20               	addlw	main@ssd&0ffh
   359  07D5  0084               	movwf	fsr0
   360  07D6  1383               	bcf	status, 7	;select IRP bank0
   361  07D7  0800               	movf	indf,w
   362  07D8  0086               	movwf	(6)	;volatile
   363                           	line	14
   364                           	
   365  07D9                     l1859:	
   366                           ;SEVENSEGMENTPIC.c: 14: _delay((unsigned long)((1000)*(2000000/4000.0)));
   367                           	opt asmopt_off
   368  07D9  3003               movlw  3
   369  07DA  00F2               movwf	((??_main+0)+0+2),f
   370  07DB  3088               movlw	136
   371  07DC  00F1               movwf	((??_main+0)+0+1),f
   372  07DD  3056               	movlw	86
   373  07DE  00F0               movwf	((??_main+0)+0),f
   374  07DF                     u2207:
   375  07DF  0BF0               	decfsz	((??_main+0)+0),f
   376  07E0  2FDF               	goto	u2207
   377  07E1  0BF1               	decfsz	((??_main+0)+0+1),f
   378  07E2  2FDF               	goto	u2207
   379  07E3  0BF2               	decfsz	((??_main+0)+0+2),f
   380  07E4  2FDF               	goto	u2207
   381                           opt asmopt_on
   382                           
   383                           	line	11
   384                           	
   385  07E5                     l1861:	
   386  07E5  3001               	movlw	low(01h)
   387  07E6  1283               	bcf	status, 5	;RP0=0, select bank0
   388  07E7  1303               	bcf	status, 6	;RP1=0, select bank0
   389  07E8  07AA               	addwf	(main@i),f
   390  07E9  1803               	skipnc
   391  07EA  0AAB               	incf	(main@i+1),f
   392  07EB  3000               	movlw	high(01h)
   393  07EC  07AB               	addwf	(main@i+1),f
   394                           	
   395  07ED                     l1863:	
   396  07ED  082B               	movf	(main@i+1),w
   397  07EE  3A80               	xorlw	80h
   398  07EF  00FF               	movwf	btemp+1
   399  07F0  3080               	movlw	(high(0Ah))^80h
   400  07F1  027F               	subwf	btemp+1,w
   401  07F2  1D03               	skipz
   402  07F3  2FF6               	goto	u2195
   403  07F4  300A               	movlw	low(0Ah)
   404  07F5  022A               	subwf	(main@i),w
   405  07F6                     u2195:
   406                           
   407  07F6  1C03               	skipc
   408  07F7  2FF9               	goto	u2191
   409  07F8  2FFA               	goto	u2190
   410  07F9                     u2191:
   411  07F9  2FD1               	goto	l1857
   412  07FA                     u2190:
   413  07FA  2FBE               	goto	l1851
   414                           	
   415  07FB                     l691:	
   416  07FB  2FBE               	goto	l1851
   417                           	line	16
   418                           	
   419  07FC                     l692:	
   420                           	line	9
   421  07FC  2FBE               	goto	l1851
   422                           	
   423  07FD                     l693:	
   424                           	line	17
   425                           	
   426  07FD                     l694:	
   427                           	global	start
   428  07FD  120A  118A  2800   	ljmp	start
   429                           	opt stack 0
   430                           GLOBAL	__end_of_main
   431  0800                     	__end_of_main:
   432 ;; =============== function _main ends ============
   433                           
   434                           	signat	_main,88
   435                           psect	maintext
   436                           	global	btemp
   437  007E                     	btemp set 07Eh
   438                           
   439                           	DABS	1,126,2	;btemp
   440                           	global	wtemp0
   441  007E                     	wtemp0 set btemp


HI-TECH Software PICC Macro Assembler V9.81 build 7503 
Symbol Table                                                                                   Wed Apr 17 11:40:45 2019

                   pc 0002                    fsr 0004                   l690 07D1                   l691 07FB  
                 l692 07FC                   l693 07FD                   l694 07FD                   l689 07BE  
                 fsr0 0004                   indf 0000                  l1851 07BE                  l1861 07E5  
                l1853 07C2                  l1863 07ED                  l1855 07D0                  l1847 07A1  
                l1857 07D1                  l1849 07A8                  l1859 07D9                  u2207 07DF  
                u2170 07B0                  u2180 07CF                  u2181 07CE                  u2190 07FA  
                u2191 07F9                  u2185 07CB                  u2195 07F6                  _main 07A1  
                btemp 007E                  start 0000                 ?_main 0070                 _PORTB 0006  
               _TRISB 0086                 main@i 002A                 pclath 000A                 status 0003  
               wtemp0 007E          __end_of_main 0800                ??_main 0070        __pcstackCOMMON 0070  
        __pidataBANK0 0774            __pmaintext 07A1               main@ssd 0020  end_of_initialization 079D  
             init_ram 0782   start_initialization 078F           __pdataBANK0 002C         __pcstackBANK0 0020  
           main@F1085 002C             init_fetch 077E         __size_of_main 005F  
